<?xml version="1.0" encoding="UTF-8"?>
<testsuite xmlns:xsi="http://www.w3.org/2001/XMLSchema-instance" xsi:noNamespaceSchemaLocation="https://maven.apache.org/surefire/maven-surefire-plugin/xsd/surefire-test-report-3.0.xsd" version="3.0" name="com.digitalholics.configserver.ConfigServerApplicationTests" time="16.307" tests="1" errors="0" skipped="0" failures="0">
  <properties>
[...]
</properties>
  <testcase name="contextLoads" classname="com.digitalholics.configserver.ConfigServerApplicationTests" time="5.336">
    <system-out><![CDATA[23:48:02.299 [main] INFO org.springframework.test.context.support.AnnotationConfigContextLoaderUtils -- Could not detect default configuration classes for test class [com.digitalholics.configserver.ConfigServerApplicationTests]: ConfigServerApplicationTests does not declare any static, non-private, non-final, nested classes annotated with @Configuration.
23:48:02.515 [main] INFO org.springframework.boot.test.context.SpringBootTestContextBootstrapper -- Found @SpringBootConfiguration com.digitalholics.configserver.ConfigServerApplication for test class com.digitalholics.configserver.ConfigServerApplicationTests

  .   ____          _            __ _ _
 /\\ / ___'_ __ _ _(_)_ __  __ _ \ \ \ \
( ( )\___ | '_ | '_| | '_ \/ _` | \ \ \ \
 \\/  ___)| |_)| | | | | || (_| |  ) ) ) )
  '  |____| .__|_| |_|_| |_\__, | / / / /
 =========|_|==============|___/=/_/_/_/
 :: Spring Boot ::                (v3.1.5)

2023-11-20T23:48:05.140-05:00  INFO 21412 --- [           main] c.d.c.ConfigServerApplicationTests       : Starting ConfigServerApplicationTests using Java 20.0.2 with PID 21412 (started by leona in C:\UPC\Ciclo 8\Fundamentos de Arquitectura de Software\ciclo 2023-02\Theraphy-MicroservicesV3\config-server)
2023-11-20T23:48:05.143-05:00  INFO 21412 --- [           main] c.d.c.ConfigServerApplicationTests       : No active profile set, falling back to 1 default profile: "default"
2023-11-20T23:48:07.278-05:00  INFO 21412 --- [           main] o.s.cloud.context.scope.GenericScope     : BeanFactory id=56376ee6-ac7c-3a10-8ac9-1ead030e5623
2023-11-20T23:48:10.740-05:00  INFO 21412 --- [           main] o.s.cloud.commons.util.InetUtils         : Cannot determine local hostname
2023-11-20T23:48:12.811-05:00  INFO 21412 --- [           main] c.d.c.ConfigServerApplicationTests       : Started ConfigServerApplicationTests in 9.815 seconds (process running for 11.931)
]]></system-out>
  </testcase>
</testsuite>