<?xml version="1.0" encoding="UTF-8"?>
<testsuite xmlns:xsi="http://www.w3.org/2001/XMLSchema-instance" xsi:noNamespaceSchemaLocation="https://maven.apache.org/surefire/maven-surefire-plugin/xsd/surefire-test-report-3.0.xsd" version="3.0" name="com.digitalholics.gatewayservice.GatewayServiceApplicationTests" time="15.214" tests="1" errors="0" skipped="0" failures="0">
  <properties>
[...]
</properties>
  <testcase name="contextLoads" classname="com.digitalholics.gatewayservice.GatewayServiceApplicationTests" time="1.23">
    <system-out><![CDATA[00:50:03.498 [main] INFO org.springframework.test.context.support.AnnotationConfigContextLoaderUtils -- Could not detect default configuration classes for test class [com.digitalholics.gatewayservice.GatewayServiceApplicationTests]: GatewayServiceApplicationTests does not declare any static, non-private, non-final, nested classes annotated with @Configuration.
00:50:03.678 [main] INFO org.springframework.boot.test.context.SpringBootTestContextBootstrapper -- Found @SpringBootConfiguration com.digitalholics.gatewayservice.GatewayServiceApplication for test class com.digitalholics.gatewayservice.GatewayServiceApplicationTests

  .   ____          _            __ _ _
 /\\ / ___'_ __ _ _(_)_ __  __ _ \ \ \ \
( ( )\___ | '_ | '_| | '_ \/ _` | \ \ \ \
 \\/  ___)| |_)| | | | | || (_| |  ) ) ) )
  '  |____| .__|_| |_|_| |_\__, | / / / /
 =========|_|==============|___/=/_/_/_/
 :: Spring Boot ::                (v3.1.5)

2023-11-21T00:50:07.557-05:00  INFO 17472 --- [           main] c.c.c.ConfigServicePropertySourceLocator : Fetching config from server at : http://config-server:8888
2023-11-21T00:50:09.950-05:00  INFO 17472 --- [           main] c.c.c.ConfigServicePropertySourceLocator : Exception on Url - http://config-server:8888:org.springframework.web.client.ResourceAccessException: I/O error on GET request for "http://config-server:8888/gateway-service/default": config-server. Will be trying the next url if available
2023-11-21T00:50:09.950-05:00  WARN 17472 --- [           main] c.c.c.ConfigServicePropertySourceLocator : Could not locate PropertySource: I/O error on GET request for "http://config-server:8888/gateway-service/default": config-server
2023-11-21T00:50:09.971-05:00  INFO 17472 --- [           main] c.d.g.GatewayServiceApplicationTests     : No active profile set, falling back to 1 default profile: "default"
2023-11-21T00:50:10.991-05:00  INFO 17472 --- [           main] o.s.cloud.context.scope.GenericScope     : BeanFactory id=c098c923-04ce-3cda-a5cf-e763ad0229a6
2023-11-21T00:50:11.123-05:00  INFO 17472 --- [           main] trationDelegate$BeanPostProcessorChecker : Bean 'org.springframework.cloud.client.loadbalancer.reactive.LoadBalancerBeanPostProcessorAutoConfiguration' of type [org.springframework.cloud.client.loadbalancer.reactive.LoadBalancerBeanPostProcessorAutoConfiguration] is not eligible for getting processed by all BeanPostProcessors (for example: not eligible for auto-proxying)
2023-11-21T00:50:11.125-05:00  INFO 17472 --- [           main] trationDelegate$BeanPostProcessorChecker : Bean 'org.springframework.cloud.client.loadbalancer.reactive.LoadBalancerBeanPostProcessorAutoConfiguration$ReactorDeferringLoadBalancerFilterConfig' of type [org.springframework.cloud.client.loadbalancer.reactive.LoadBalancerBeanPostProcessorAutoConfiguration$ReactorDeferringLoadBalancerFilterConfig] is not eligible for getting processed by all BeanPostProcessors (for example: not eligible for auto-proxying)
2023-11-21T00:50:11.128-05:00  INFO 17472 --- [           main] trationDelegate$BeanPostProcessorChecker : Bean 'reactorDeferringLoadBalancerExchangeFilterFunction' of type [org.springframework.cloud.client.loadbalancer.reactive.DeferringLoadBalancerExchangeFilterFunction] is not eligible for getting processed by all BeanPostProcessors (for example: not eligible for auto-proxying)
2023-11-21T00:50:12.892-05:00  INFO 17472 --- [           main] o.s.cloud.commons.util.InetUtils         : Cannot determine local hostname
2023-11-21T00:50:13.575-05:00  INFO 17472 --- [           main] o.s.c.g.r.RouteDefinitionRouteLocator    : Loaded RoutePredicateFactory [After]
2023-11-21T00:50:13.576-05:00  INFO 17472 --- [           main] o.s.c.g.r.RouteDefinitionRouteLocator    : Loaded RoutePredicateFactory [Before]
2023-11-21T00:50:13.576-05:00  INFO 17472 --- [           main] o.s.c.g.r.RouteDefinitionRouteLocator    : Loaded RoutePredicateFactory [Between]
2023-11-21T00:50:13.576-05:00  INFO 17472 --- [           main] o.s.c.g.r.RouteDefinitionRouteLocator    : Loaded RoutePredicateFactory [Cookie]
2023-11-21T00:50:13.576-05:00  INFO 17472 --- [           main] o.s.c.g.r.RouteDefinitionRouteLocator    : Loaded RoutePredicateFactory [Header]
2023-11-21T00:50:13.576-05:00  INFO 17472 --- [           main] o.s.c.g.r.RouteDefinitionRouteLocator    : Loaded RoutePredicateFactory [Host]
2023-11-21T00:50:13.576-05:00  INFO 17472 --- [           main] o.s.c.g.r.RouteDefinitionRouteLocator    : Loaded RoutePredicateFactory [Method]
2023-11-21T00:50:13.577-05:00  INFO 17472 --- [           main] o.s.c.g.r.RouteDefinitionRouteLocator    : Loaded RoutePredicateFactory [Path]
2023-11-21T00:50:13.577-05:00  INFO 17472 --- [           main] o.s.c.g.r.RouteDefinitionRouteLocator    : Loaded RoutePredicateFactory [Query]
2023-11-21T00:50:13.577-05:00  INFO 17472 --- [           main] o.s.c.g.r.RouteDefinitionRouteLocator    : Loaded RoutePredicateFactory [ReadBody]
2023-11-21T00:50:13.577-05:00  INFO 17472 --- [           main] o.s.c.g.r.RouteDefinitionRouteLocator    : Loaded RoutePredicateFactory [RemoteAddr]
2023-11-21T00:50:13.577-05:00  INFO 17472 --- [           main] o.s.c.g.r.RouteDefinitionRouteLocator    : Loaded RoutePredicateFactory [XForwardedRemoteAddr]
2023-11-21T00:50:13.577-05:00  INFO 17472 --- [           main] o.s.c.g.r.RouteDefinitionRouteLocator    : Loaded RoutePredicateFactory [Weight]
2023-11-21T00:50:13.577-05:00  INFO 17472 --- [           main] o.s.c.g.r.RouteDefinitionRouteLocator    : Loaded RoutePredicateFactory [CloudFoundryRouteService]
2023-11-21T00:50:14.016-05:00  INFO 17472 --- [           main] DiscoveryClientOptionalArgsConfiguration : Eureka HTTP Client uses RestTemplate.
2023-11-21T00:50:15.210-05:00  INFO 17472 --- [           main] o.s.cloud.commons.util.InetUtils         : Cannot determine local hostname
2023-11-21T00:50:16.329-05:00  INFO 17472 --- [           main] o.s.cloud.commons.util.InetUtils         : Cannot determine local hostname
2023-11-21T00:50:16.358-05:00  WARN 17472 --- [           main] iguration$LoadBalancerCaffeineWarnLogger : Spring Cloud LoadBalancer is currently working with the default cache. While this cache implementation is useful for development and tests, it's recommended to use Caffeine cache in production.You can switch to using Caffeine cache, by adding it and org.springframework.cache.caffeine.CaffeineCacheManager to the classpath.
2023-11-21T00:50:16.386-05:00  INFO 17472 --- [           main] o.s.c.n.eureka.InstanceInfoFactory       : Setting initial instance status as: STARTING
2023-11-21T00:50:16.522-05:00  INFO 17472 --- [           main] com.netflix.discovery.DiscoveryClient    : Initializing Eureka in region us-east-1
2023-11-21T00:50:16.530-05:00  INFO 17472 --- [           main] c.n.d.s.r.aws.ConfigClusterResolver      : Resolving eureka endpoints via configuration
2023-11-21T00:50:16.568-05:00  INFO 17472 --- [           main] com.netflix.discovery.DiscoveryClient    : Disable delta property : false
2023-11-21T00:50:16.568-05:00  INFO 17472 --- [           main] com.netflix.discovery.DiscoveryClient    : Single vip registry refresh property : null
2023-11-21T00:50:16.568-05:00  INFO 17472 --- [           main] com.netflix.discovery.DiscoveryClient    : Force full registry fetch : false
2023-11-21T00:50:16.568-05:00  INFO 17472 --- [           main] com.netflix.discovery.DiscoveryClient    : Application is null : false
2023-11-21T00:50:16.569-05:00  INFO 17472 --- [           main] com.netflix.discovery.DiscoveryClient    : Registered Applications size is zero : true
2023-11-21T00:50:16.569-05:00  INFO 17472 --- [           main] com.netflix.discovery.DiscoveryClient    : Application version is -1: true
2023-11-21T00:50:16.569-05:00  INFO 17472 --- [           main] com.netflix.discovery.DiscoveryClient    : Getting all instance registry info from the eureka server
2023-11-21T00:50:17.042-05:00  INFO 17472 --- [           main] com.netflix.discovery.DiscoveryClient    : The response status is 200
2023-11-21T00:50:17.048-05:00  INFO 17472 --- [           main] com.netflix.discovery.DiscoveryClient    : Starting heartbeat executor: renew interval is: 30
2023-11-21T00:50:17.054-05:00  INFO 17472 --- [           main] c.n.discovery.InstanceInfoReplicator     : InstanceInfoReplicator onDemand update allowed rate per min is 4
2023-11-21T00:50:17.068-05:00  INFO 17472 --- [           main] com.netflix.discovery.DiscoveryClient    : Discovery Client initialized at timestamp 1700545817067 with initial instances count: 8
2023-11-21T00:50:17.075-05:00  INFO 17472 --- [           main] o.s.c.n.e.s.EurekaServiceRegistry        : Registering application GATEWAY-SERVICE with eureka with status UP
2023-11-21T00:50:17.077-05:00  INFO 17472 --- [           main] com.netflix.discovery.DiscoveryClient    : Saw local status change event StatusChangeEvent [timestamp=1700545817077, current=UP, previous=STARTING]
2023-11-21T00:50:17.082-05:00  INFO 17472 --- [nfoReplicator-0] com.netflix.discovery.DiscoveryClient    : DiscoveryClient_GATEWAY-SERVICE/localhost:gateway-service: registering service...
2023-11-21T00:50:17.165-05:00  INFO 17472 --- [nfoReplicator-0] com.netflix.discovery.DiscoveryClient    : DiscoveryClient_GATEWAY-SERVICE/localhost:gateway-service - registration status: 204
2023-11-21T00:50:17.166-05:00  INFO 17472 --- [           main] c.d.g.GatewayServiceApplicationTests     : Started GatewayServiceApplicationTests in 13.252 seconds (process running for 14.944)
]]></system-out>
  </testcase>
</testsuite>